<?xml version="1.0" encoding="UTF-8"?>
<!-- Generated by org.testng.reporters.JUnitXMLReporter -->
<testsuite ignored="0" hostname="GauravGupta" failures="0" tests="1" name="Test" time="0.093" errors="0" timestamp="2023-03-23T13:33:13 IST">
  <testcase classname="Autosite" name="@BeforeMethod browselaunch" time="0.051">
    <failure type="java.lang.IllegalStateException" message="The driver executable does not exist: C:\TTNG\Demoselenium\&amp;quot;C:\Users\Gauran Gupta\Downloads\chromedriver_win32\chromedriver.exe&amp;quot;">
      <![CDATA[java.lang.IllegalStateException: The driver executable does not exist: C:\TTNG\Demoselenium\"C:\Users\Gauran Gupta\Downloads\chromedriver_win32\chromedriver.exe"
at com.google.common.base.Preconditions.checkState(Preconditions.java:585)
at org.openqa.selenium.remote.service.DriverService.checkExecutable(DriverService.java:146)
at org.openqa.selenium.remote.service.DriverService.findExecutable(DriverService.java:141)
at org.openqa.selenium.chrome.ChromeDriverService.access$000(ChromeDriverService.java:35)
at org.openqa.selenium.chrome.ChromeDriverService$Builder.findDefaultExecutable(ChromeDriverService.java:159)
at org.openqa.selenium.remote.service.DriverService$Builder.build(DriverService.java:355)
at org.openqa.selenium.chrome.ChromeDriverService.createDefaultService(ChromeDriverService.java:94)
at org.openqa.selenium.chrome.ChromeDriver.<init>(ChromeDriver.java:123)
at Autosite.browselaunch(Autosite.java:15)
at java.base/java.util.ArrayList.forEach(ArrayList.java:1511)
... Removed 31 stack frames]]>
    </failure>
  </testcase> <!-- @BeforeMethod browselaunch -->
  <testcase classname="Autosite" name="@AfterMethod closeBrowser" time="-1.679558593286E9">
    <skipped/>
  </testcase> <!-- @AfterMethod closeBrowser -->
  <testcase classname="Autosite" name="logincheck" time="0.0">
    <skipped/>
  </testcase> <!-- logincheck -->
</testsuite> <!-- Test -->
